{"contracts/FundMe.sol":{"l":{"27":6,"28":2,"30":4,"34":3,"35":3,"39":3,"43":0,"47":51,"48":1,"50":50,"51":50,"57":2,"62":20,"65":2,"69":2,"71":2,"72":0,"77":2,"78":2,"83":20,"86":2,"87":2,"91":2,"92":2,"93":0,"98":0,"102":0,"110":42},"path":"/root/ff-hcc/0/hh-fund-me/contracts/FundMe.sol","s":{"1":6,"2":3,"3":3,"4":0,"5":51,"6":50,"7":50,"8":2,"9":20,"10":2,"11":2,"12":2,"13":2,"14":2,"15":20,"16":2,"17":2,"18":2,"19":2,"20":0,"21":0,"22":42},"b":{"1":[2,4],"2":[1,50],"3":[0,2],"4":[0,2]},"f":{"1":6,"2":3,"3":0,"4":51,"5":2,"6":2,"7":0,"8":0,"9":42},"fnMap":{"1":{"name":"OnlyOwner","line":26,"loc":{"start":{"line":26,"column":4},"end":{"line":31,"column":4}}},"2":{"name":"constructor","line":33,"loc":{"start":{"line":33,"column":4},"end":{"line":36,"column":4}}},"3":{"name":null,"line":42,"loc":{"start":{"line":42,"column":4},"end":{"line":44,"column":4}}},"4":{"name":"fund","line":46,"loc":{"start":{"line":46,"column":4},"end":{"line":53,"column":4}}},"5":{"name":"withdraw","line":55,"loc":{"start":{"line":55,"column":4},"end":{"line":74,"column":4}}},"6":{"name":"cheaperWithdraw","line":76,"loc":{"start":{"line":76,"column":4},"end":{"line":95,"column":4}}},"7":{"name":"getOwner","line":97,"loc":{"start":{"line":97,"column":4},"end":{"line":99,"column":4}}},"8":{"name":"getFunder","line":101,"loc":{"start":{"line":101,"column":4},"end":{"line":103,"column":4}}},"9":{"name":"getAddressToAmountFunded","line":105,"loc":{"start":{"line":105,"column":4},"end":{"line":111,"column":4}}}},"statementMap":{"1":{"start":{"line":27,"column":8},"end":{"line":27,"column":801}},"2":{"start":{"line":34,"column":8},"end":{"line":34,"column":27}},"3":{"start":{"line":35,"column":8},"end":{"line":35,"column":62}},"4":{"start":{"line":43,"column":8},"end":{"line":43,"column":13}},"5":{"start":{"line":47,"column":8},"end":{"line":47,"column":1223}},"6":{"start":{"line":50,"column":8},"end":{"line":50,"column":33}},"7":{"start":{"line":51,"column":8},"end":{"line":51,"column":54}},"8":{"start":{"line":57,"column":8},"end":{"line":57,"column":1572}},"9":{"start":{"line":62,"column":12},"end":{"line":62,"column":62}},"10":{"start":{"line":65,"column":8},"end":{"line":65,"column":35}},"11":{"start":{"line":69,"column":8},"end":{"line":69,"column":1946}},"12":{"start":{"line":71,"column":8},"end":{"line":71,"column":2034}},"13":{"start":{"line":77,"column":8},"end":{"line":77,"column":44}},"14":{"start":{"line":78,"column":8},"end":{"line":78,"column":2229}},"15":{"start":{"line":83,"column":12},"end":{"line":83,"column":60}},"16":{"start":{"line":86,"column":8},"end":{"line":86,"column":33}},"17":{"start":{"line":87,"column":8},"end":{"line":87,"column":26}},"18":{"start":{"line":91,"column":8},"end":{"line":91,"column":77}},"19":{"start":{"line":92,"column":8},"end":{"line":92,"column":2664}},"20":{"start":{"line":98,"column":8},"end":{"line":98,"column":22}},"21":{"start":{"line":102,"column":8},"end":{"line":102,"column":31}},"22":{"start":{"line":110,"column":8},"end":{"line":110,"column":46}}},"branchMap":{"1":{"line":27,"type":"if","locations":[{"start":{"line":27,"column":8},"end":{"line":27,"column":8}},{"start":{"line":27,"column":8},"end":{"line":27,"column":8}}]},"2":{"line":47,"type":"if","locations":[{"start":{"line":47,"column":8},"end":{"line":47,"column":8}},{"start":{"line":47,"column":8},"end":{"line":47,"column":8}}]},"3":{"line":71,"type":"if","locations":[{"start":{"line":71,"column":8},"end":{"line":71,"column":8}},{"start":{"line":71,"column":8},"end":{"line":71,"column":8}}]},"4":{"line":92,"type":"if","locations":[{"start":{"line":92,"column":8},"end":{"line":92,"column":8}},{"start":{"line":92,"column":8},"end":{"line":92,"column":8}}]}}},"contracts/GetCourse.sol":{"l":{"16":0,"23":0,"30":0},"path":"/root/ff-hcc/0/hh-fund-me/contracts/GetCourse.sol","s":{"1":0,"2":0,"3":0},"b":{},"f":{"1":0,"2":0},"fnMap":{"1":{"name":"constructor","line":15,"loc":{"start":{"line":15,"column":4},"end":{"line":17,"column":4}}},"2":{"name":"getLatestPrice","line":22,"loc":{"start":{"line":22,"column":4},"end":{"line":31,"column":4}}}},"statementMap":{"1":{"start":{"line":16,"column":8},"end":{"line":16,"column":84}},"2":{"start":{"line":23,"column":8},"end":{"line":23,"column":624}},"3":{"start":{"line":30,"column":8},"end":{"line":30,"column":20}}},"branchMap":{}},"contracts/mocks/mockV3Aggregator.sol":{"l":{},"path":"/root/ff-hcc/0/hh-fund-me/contracts/mocks/mockV3Aggregator.sol","s":{},"b":{},"f":{},"fnMap":{},"statementMap":{},"branchMap":{}},"contracts/PriceConverter.sol":{"l":{"12":51,"13":51,"20":51,"21":51,"22":51},"path":"/root/ff-hcc/0/hh-fund-me/contracts/PriceConverter.sol","s":{"1":51,"2":51,"3":51,"4":51,"5":51},"b":{},"f":{"1":51,"2":51},"fnMap":{"1":{"name":"getPrice","line":7,"loc":{"start":{"line":7,"column":4},"end":{"line":14,"column":4}}},"2":{"name":"getConversionRate","line":16,"loc":{"start":{"line":16,"column":4},"end":{"line":25,"column":4}}}},"statementMap":{"1":{"start":{"line":12,"column":8},"end":{"line":12,"column":60}},"2":{"start":{"line":13,"column":8},"end":{"line":13,"column":36}},"3":{"start":{"line":20,"column":8},"end":{"line":20,"column":46}},"4":{"start":{"line":21,"column":8},"end":{"line":21,"column":62}},"5":{"start":{"line":22,"column":8},"end":{"line":22,"column":29}}},"branchMap":{}}}